<?xml version="1.0" encoding="UTF-8"?>
<testsuite xmlns:xsi="http://www.w3.org/2001/XMLSchema-instance" xsi:noNamespaceSchemaLocation="https://maven.apache.org/surefire/maven-surefire-plugin/xsd/surefire-test-report-3.0.xsd" version="3.0" name="pe.org.group02.ventaboletoscine.VentaCompraCineApplicationTests" time="9.016" tests="1" errors="0" skipped="0" failures="0">
  <properties>
[...]
</properties>
  <testcase name="contextLoads" classname="pe.org.group02.ventaboletoscine.VentaCompraCineApplicationTests" time="0.618">
    <system-out><![CDATA[10:15:50.750 [main] INFO org.springframework.test.context.support.AnnotationConfigContextLoaderUtils -- Could not detect default configuration classes for test class [pe.org.group02.ventaboletoscine.VentaCompraCineApplicationTests]: VentaCompraCineApplicationTests does not declare any static, non-private, non-final, nested classes annotated with @Configuration.
10:15:50.866 [main] INFO org.springframework.boot.test.context.SpringBootTestContextBootstrapper -- Found @SpringBootConfiguration pe.org.group02.ventaboletoscine.VentaBoletosCineApplication for test class pe.org.group02.ventaboletoscine.VentaCompraCineApplicationTests
10:15:51.059 [main] INFO org.springframework.boot.devtools.restart.RestartApplicationListener -- Restart disabled due to context in which it is running

  ,ad8888ba,     ,ad8888ba,        88b           d88         db         88      a8P   88   ad88888ba
 d8"'    `"8b   d8"'    `"8b       888b         d888        d88b        88    ,88'    88  d8"     "8b
d8'            d8'        `8b      88`8b       d8'88       d8'`8b       88  ,88"      88  Y8,
88             88          88      88 `8b     d8' 88      d8'  `8b      88,d88'       88  `Y8aaaaa,
88      88888  88          88      88  `8b   d8'  88     d8YaaaaY8b     8888"88,      88    `"""""8b,
Y8,        88  Y8,        ,8P      88   `8b d8'   88    d8""""""""8b    88P   Y8b     88          `8b
 Y8a.    .a88   Y8a.    .a8P       88    `888'    88   d8'        `8b   88     "88,   88  Y8a     a8P
  `"Y88888P"     `"Y8888Y"'        88     `8'     88  d8'          `8b  88       Y8b  88   "Y88888P"


2024-10-05T10:15:51.360-05:00  WARN 9560 --- [venta-boletos-cine] [           main] ory$DuplicateJsonObjectContextCustomizer : 

Found multiple occurrences of org.json.JSONObject on the class path:

	jar:file:/C:/Users/Jordy/.m2/repository/com/vaadin/external/google/android-json/0.0.20131108.vaadin1/android-json-0.0.20131108.vaadin1.jar!/org/json/JSONObject.class
	jar:file:/C:/Users/Jordy/.m2/repository/org/json/json/20231013/json-20231013.jar!/org/json/JSONObject.class

You may wish to exclude one of them to ensure predictable runtime behavior

2024-10-05T10:15:51.387-05:00  INFO 9560 --- [venta-boletos-cine] [           main] p.o.g.v.VentaCompraCineApplicationTests  : Starting VentaCompraCineApplicationTests using Java 21.0.4 with PID 9560 (started by Jordy in D:\OneDrive\Documentos\working-place-java-2024\final-proyect\CiberCine)
2024-10-05T10:15:51.387-05:00  INFO 9560 --- [venta-boletos-cine] [           main] p.o.g.v.VentaCompraCineApplicationTests  : No active profile set, falling back to 1 default profile: "default"
2024-10-05T10:15:52.313-05:00  INFO 9560 --- [venta-boletos-cine] [           main] .s.d.r.c.RepositoryConfigurationDelegate : Multiple Spring Data modules found, entering strict repository configuration mode
2024-10-05T10:15:52.313-05:00  INFO 9560 --- [venta-boletos-cine] [           main] .s.d.r.c.RepositoryConfigurationDelegate : Bootstrapping Spring Data Redis repositories in DEFAULT mode.
2024-10-05T10:15:52.348-05:00  INFO 9560 --- [venta-boletos-cine] [           main] .RepositoryConfigurationExtensionSupport : Spring Data Redis - Could not safely identify store assignment for repository candidate interface pe.org.group02.ventaboletoscine.repository.BoletosRepository; If you want this repository to be a Redis repository, consider annotating your entities with one of these annotations: org.springframework.data.redis.core.RedisHash (preferred), or consider extending one of the following types with your repository: org.springframework.data.keyvalue.repository.KeyValueRepository
2024-10-05T10:15:52.349-05:00  INFO 9560 --- [venta-boletos-cine] [           main] .RepositoryConfigurationExtensionSupport : Spring Data Redis - Could not safely identify store assignment for repository candidate interface pe.org.group02.ventaboletoscine.repository.CompraConfiteriaRepository; If you want this repository to be a Redis repository, consider annotating your entities with one of these annotations: org.springframework.data.redis.core.RedisHash (preferred), or consider extending one of the following types with your repository: org.springframework.data.keyvalue.repository.KeyValueRepository
2024-10-05T10:15:52.350-05:00  INFO 9560 --- [venta-boletos-cine] [           main] .RepositoryConfigurationExtensionSupport : Spring Data Redis - Could not safely identify store assignment for repository candidate interface pe.org.group02.ventaboletoscine.repository.ComprobantePagoRepository; If you want this repository to be a Redis repository, consider annotating your entities with one of these annotations: org.springframework.data.redis.core.RedisHash (preferred), or consider extending one of the following types with your repository: org.springframework.data.keyvalue.repository.KeyValueRepository
2024-10-05T10:15:52.351-05:00  INFO 9560 --- [venta-boletos-cine] [           main] .RepositoryConfigurationExtensionSupport : Spring Data Redis - Could not safely identify store assignment for repository candidate interface pe.org.group02.ventaboletoscine.repository.FuncionesRepository; If you want this repository to be a Redis repository, consider annotating your entities with one of these annotations: org.springframework.data.redis.core.RedisHash (preferred), or consider extending one of the following types with your repository: org.springframework.data.keyvalue.repository.KeyValueRepository
2024-10-05T10:15:52.352-05:00  INFO 9560 --- [venta-boletos-cine] [           main] .RepositoryConfigurationExtensionSupport : Spring Data Redis - Could not safely identify store assignment for repository candidate interface pe.org.group02.ventaboletoscine.repository.PeliculasRepository; If you want this repository to be a Redis repository, consider annotating your entities with one of these annotations: org.springframework.data.redis.core.RedisHash (preferred), or consider extending one of the following types with your repository: org.springframework.data.keyvalue.repository.KeyValueRepository
2024-10-05T10:15:52.353-05:00  INFO 9560 --- [venta-boletos-cine] [           main] .RepositoryConfigurationExtensionSupport : Spring Data Redis - Could not safely identify store assignment for repository candidate interface pe.org.group02.ventaboletoscine.repository.SalasRepository; If you want this repository to be a Redis repository, consider annotating your entities with one of these annotations: org.springframework.data.redis.core.RedisHash (preferred), or consider extending one of the following types with your repository: org.springframework.data.keyvalue.repository.KeyValueRepository
2024-10-05T10:15:52.467-05:00  INFO 9560 --- [venta-boletos-cine] [           main] .RepositoryConfigurationExtensionSupport : Spring Data Redis - Could not safely identify store assignment for repository candidate interface pe.org.group02.ventaboletoscine.repository.UsuariosRepository; If you want this repository to be a Redis repository, consider annotating your entities with one of these annotations: org.springframework.data.redis.core.RedisHash (preferred), or consider extending one of the following types with your repository: org.springframework.data.keyvalue.repository.KeyValueRepository
2024-10-05T10:15:52.486-05:00  INFO 9560 --- [venta-boletos-cine] [           main] .s.d.r.c.RepositoryConfigurationDelegate : Finished Spring Data repository scanning in 157 ms. Found 1 Redis repository interface.
2024-10-05T10:15:52.783-05:00  INFO 9560 --- [venta-boletos-cine] [           main] .s.d.r.c.RepositoryConfigurationDelegate : Multiple Spring Data modules found, entering strict repository configuration mode
2024-10-05T10:15:52.785-05:00  INFO 9560 --- [venta-boletos-cine] [           main] .s.d.r.c.RepositoryConfigurationDelegate : Bootstrapping Spring Data JPA repositories in DEFAULT mode.
2024-10-05T10:15:52.813-05:00  INFO 9560 --- [venta-boletos-cine] [           main] .RepositoryConfigurationExtensionSupport : Spring Data JPA - Could not safely identify store assignment for repository candidate interface pe.org.group02.ventaboletoscine.repository.TemporalRegistrationRepository; If you want this repository to be a JPA repository, consider annotating your entities with one of these annotations: jakarta.persistence.Entity, jakarta.persistence.MappedSuperclass (preferred), or consider extending one of the following types with your repository: org.springframework.data.jpa.repository.JpaRepository
2024-10-05T10:15:52.822-05:00  INFO 9560 --- [venta-boletos-cine] [           main] .s.d.r.c.RepositoryConfigurationDelegate : Finished Spring Data repository scanning in 27 ms. Found 7 JPA repository interfaces.
2024-10-05T10:15:53.547-05:00  INFO 9560 --- [venta-boletos-cine] [           main] o.hibernate.jpa.internal.util.LogHelper  : HHH000204: Processing PersistenceUnitInfo [name: default]
2024-10-05T10:15:53.635-05:00  INFO 9560 --- [venta-boletos-cine] [           main] org.hibernate.Version                    : HHH000412: Hibernate ORM core version 6.4.4.Final
2024-10-05T10:15:53.695-05:00  INFO 9560 --- [venta-boletos-cine] [           main] o.h.c.internal.RegionFactoryInitiator    : HHH000026: Second-level cache disabled
2024-10-05T10:15:54.025-05:00  INFO 9560 --- [venta-boletos-cine] [           main] o.s.o.j.p.SpringPersistenceUnitInfo      : No LoadTimeWeaver setup: ignoring JPA class transformer
2024-10-05T10:15:54.057-05:00  INFO 9560 --- [venta-boletos-cine] [           main] com.zaxxer.hikari.HikariDataSource       : HikariPool-1 - Starting...
2024-10-05T10:15:55.825-05:00  INFO 9560 --- [venta-boletos-cine] [           main] com.zaxxer.hikari.pool.HikariPool        : HikariPool-1 - Added connection com.mysql.cj.jdbc.ConnectionImpl@7d5ef1c3
2024-10-05T10:15:55.831-05:00  INFO 9560 --- [venta-boletos-cine] [           main] com.zaxxer.hikari.HikariDataSource       : HikariPool-1 - Start completed.
2024-10-05T10:15:57.179-05:00  INFO 9560 --- [venta-boletos-cine] [           main] o.h.e.t.j.p.i.JtaPlatformInitiator       : HHH000489: No JTA platform available (set 'hibernate.transaction.jta.platform' to enable JTA platform integration)
2024-10-05T10:15:57.181-05:00  INFO 9560 --- [venta-boletos-cine] [           main] j.LocalContainerEntityManagerFactoryBean : Initialized JPA EntityManagerFactory for persistence unit 'default'
2024-10-05T10:15:57.956-05:00  WARN 9560 --- [venta-boletos-cine] [           main] JpaBaseConfiguration$JpaWebConfiguration : spring.jpa.open-in-view is enabled by default. Therefore, database queries may be performed during view rendering. Explicitly configure spring.jpa.open-in-view to disable this warning
2024-10-05T10:15:57.988-05:00  WARN 9560 --- [venta-boletos-cine] [           main] .s.s.UserDetailsServiceAutoConfiguration : 

Using generated security password: 4de015c8-1bda-40b6-8e2b-01b8b1481636

This generated password is for development use only. Your security configuration must be updated before running your application in production.

2024-10-05T10:15:58.349-05:00  INFO 9560 --- [venta-boletos-cine] [           main] o.s.s.web.DefaultSecurityFilterChain     : Will secure any request with [org.springframework.security.web.session.DisableEncodeUrlFilter@587df3e4, org.springframework.security.web.context.request.async.WebAsyncManagerIntegrationFilter@64abb917, org.springframework.security.web.context.SecurityContextHolderFilter@673a702a, org.springframework.security.web.header.HeaderWriterFilter@5c39da9e, org.springframework.web.filter.CorsFilter@5207747c, org.springframework.security.web.authentication.logout.LogoutFilter@c34fd2, pe.org.group02.ventaboletoscine.security.JWTAuthorizationFilter@4eb69e8d, org.springframework.security.web.savedrequest.RequestCacheAwareFilter@3e7c66b3, org.springframework.security.web.servletapi.SecurityContextHolderAwareRequestFilter@502f6f6a, org.springframework.security.web.authentication.AnonymousAuthenticationFilter@68596992, org.springframework.security.web.access.ExceptionTranslationFilter@47c06b1a, org.springframework.security.web.access.intercept.AuthorizationFilter@18f493d7]
2024-10-05T10:15:58.912-05:00  INFO 9560 --- [venta-boletos-cine] [           main] p.o.g.v.VentaCompraCineApplicationTests  : Started VentaCompraCineApplicationTests in 7.874 seconds (process running for 9.037)
]]></system-out>
    <system-err><![CDATA[WARNING: A Java agent has been loaded dynamically (C:\Users\Jordy\.m2\repository\net\bytebuddy\byte-buddy-agent\1.14.13\byte-buddy-agent-1.14.13.jar)
WARNING: If a serviceability tool is in use, please run with -XX:+EnableDynamicAgentLoading to hide this warning
WARNING: If a serviceability tool is not in use, please run with -Djdk.instrument.traceUsage for more information
WARNING: Dynamic loading of agents will be disallowed by default in a future release
]]></system-err>
  </testcase>
</testsuite>